2024-12-10 09:21:45,869 [INFO] Activator:176 - 


2024-12-10 09:21:45,871 [INFO] Activator:177 - !SESSION log4j initialized
2024-12-10 09:21:48,112 [INFO] LogOutputStream:77 - [STDOUT_REDIRECT] 
2024-12-10 09:21:51,604 [INFO] ApplicationProperties:184 - Using Application install path: C:\ST\STM32CubeIDE_1.10.1\STM32CubeIDE\plugins\com.st.stm32cube.common.mx_6.12.1.202409122256
2024-12-10 09:21:51,617 [INFO] DbMcusXml:78 - Set database path to: C:\ST\STM32CubeIDE_1.10.1\STM32CubeIDE\plugins\com.st.stm32cube.common.mx_6.12.1.202409122256\\db\/mcu/
2024-12-10 09:21:51,617 [INFO] ApiDb:274 - Set plugin database path to: C:\ST\STM32CubeIDE_1.10.1\STM32CubeIDE\plugins\com.st.stm32cube.common.mx_6.12.1.202409122256\\db\/plugins/boardmanager/
2024-12-10 09:21:51,618 [WARN] ApiDb:259 - Overriding images path with different value:  => C:\ST\STM32CubeIDE_1.10.1\STM32CubeIDE\plugins\com.st.stm32cube.common.mx_6.12.1.202409122256\\db\/plugins/mcufinder/images/
2024-12-10 09:21:51,623 [INFO] ApiDb:250 - Set database path to: C:\Users\PKNU\.stmcufinder\plugins\mcufinder//mcu/
2024-12-10 09:21:51,624 [INFO] DbMcusAds:125 - Set database path to: C:\Users\PKNU\.stmcufinder\plugins\mcufinder//mcu/
2024-12-10 09:21:51,626 [INFO] CrossReferenceDbSqlite:203 - Set database path to: C:\Users\PKNU\.stmcufinder\plugins\mcufinder//mcu/cs/
2024-12-10 09:21:51,713 [INFO] RulesReader:64 - Compatibility file has been processed (297 Rules)
2024-12-10 09:21:51,774 [INFO] DbMcusXml:78 - Set database path to: C:\ST\STM32CubeIDE_1.10.1\STM32CubeIDE\plugins\com.st.stm32cube.common.mx_6.12.1.202409122256\\db\/mcu/
2024-12-10 09:21:51,774 [INFO] ApiDb:274 - Set plugin database path to: C:\ST\STM32CubeIDE_1.10.1\STM32CubeIDE\plugins\com.st.stm32cube.common.mx_6.12.1.202409122256\\db\/plugins/boardmanager/
2024-12-10 09:21:51,774 [INFO] ApiDb:261 - Set plugin images path to: C:\ST\STM32CubeIDE_1.10.1\STM32CubeIDE\plugins\com.st.stm32cube.common.mx_6.12.1.202409122256\\db\/plugins/mcufinder/images/
2024-12-10 09:21:51,774 [WARN] DbFile:41 - Overriding database path with different value: C:\Users\PKNU\.stmcufinder\plugins\mcufinder/ => C:\Users\PKNU\.stmcufinder\plugins\mcufinder
2024-12-10 09:21:51,774 [INFO] ApiDb:250 - Set database path to: C:\Users\PKNU\.stmcufinder\plugins\mcufinder//mcu/
2024-12-10 09:21:51,774 [WARN] DbFile:41 - Overriding database path with different value: C:\Users\PKNU\.stmcufinder\plugins\mcufinder/ => C:\Users\PKNU\.stmcufinder\plugins\mcufinder
2024-12-10 09:21:51,774 [INFO] DbMcusAds:125 - Set database path to: C:\Users\PKNU\.stmcufinder\plugins\mcufinder//mcu/
2024-12-10 09:21:51,774 [WARN] DbFile:41 - Overriding database path with different value: C:\Users\PKNU\.stmcufinder\plugins\mcufinder/ => C:\Users\PKNU\.stmcufinder\plugins\mcufinder
2024-12-10 09:21:51,774 [WARN] DbFile:41 - Overriding database path with different value: C:\Users\PKNU\.stmcufinder\plugins\mcufinder/ => C:\Users\PKNU\.stmcufinder\plugins\mcufinder
2024-12-10 09:21:51,774 [INFO] CrossReferenceDbSqlite:203 - Set database path to: C:\Users\PKNU\.stmcufinder\plugins\mcufinder//mcu/cs/
2024-12-10 09:21:51,826 [INFO] MainPanel:268 - HeapMemory: 268435456
2024-12-10 09:21:51,886 [INFO] DbMcusXml:78 - Set database path to: C:\ST\STM32CubeIDE_1.10.1\STM32CubeIDE\plugins\com.st.stm32cube.common.mx_6.12.1.202409122256\\db\/mcu/
2024-12-10 09:21:51,886 [INFO] ApiDb:274 - Set plugin database path to: C:\ST\STM32CubeIDE_1.10.1\STM32CubeIDE\plugins\com.st.stm32cube.common.mx_6.12.1.202409122256\\db\/plugins/boardmanager/
2024-12-10 09:21:51,886 [INFO] ApiDb:261 - Set plugin images path to: C:\ST\STM32CubeIDE_1.10.1\STM32CubeIDE\plugins\com.st.stm32cube.common.mx_6.12.1.202409122256\\db\/plugins/mcufinder/images/
2024-12-10 09:21:51,886 [WARN] DbFile:41 - Overriding database path with different value: C:\Users\PKNU\.stmcufinder\plugins\mcufinder/ => C:\Users\PKNU\.stmcufinder\plugins\mcufinder
2024-12-10 09:21:51,886 [INFO] ApiDb:250 - Set database path to: C:\Users\PKNU\.stmcufinder\plugins\mcufinder//mcu/
2024-12-10 09:21:51,886 [WARN] DbFile:41 - Overriding database path with different value: C:\Users\PKNU\.stmcufinder\plugins\mcufinder/ => C:\Users\PKNU\.stmcufinder\plugins\mcufinder
2024-12-10 09:21:51,886 [INFO] DbMcusAds:125 - Set database path to: C:\Users\PKNU\.stmcufinder\plugins\mcufinder//mcu/
2024-12-10 09:21:51,887 [WARN] DbFile:41 - Overriding database path with different value: C:\Users\PKNU\.stmcufinder\plugins\mcufinder/ => C:\Users\PKNU\.stmcufinder\plugins\mcufinder
2024-12-10 09:21:51,887 [WARN] DbFile:41 - Overriding database path with different value: C:\Users\PKNU\.stmcufinder\plugins\mcufinder/ => C:\Users\PKNU\.stmcufinder\plugins\mcufinder
2024-12-10 09:21:51,887 [INFO] CrossReferenceDbSqlite:203 - Set database path to: C:\Users\PKNU\.stmcufinder\plugins\mcufinder//mcu/cs/
2024-12-10 09:21:51,898 [INFO] ApplicationProperties:184 - Using Application install path: C:\ST\STM32CubeIDE_1.10.1\STM32CubeIDE\plugins\com.st.stm32cube.common.mx_6.12.1.202409122256
2024-12-10 09:21:51,900 [INFO] PluginManage:196 - Search for loadable plugins [exclusion list=, ]
2024-12-10 09:21:51,901 [INFO] PluginManage:310 - Check plugin analytics
2024-12-10 09:21:52,027 [INFO] AnalyticsPlugin:253 - Accepted Software Licenses: 
2024-12-10 09:21:52,027 [INFO] AnalyticsPlugin:255 - Accepted CMSIS Pack Licenses: 
2024-12-10 09:21:52,028 [INFO] AnalyticsPlugin:257 - Accepted Firmware Licenses: FW.F4.1.27.0
2024-12-10 09:21:52,029 [INFO] PluginManage:359 - Loaded plugin analytics (category:tool,tabindex:-1)
2024-12-10 09:21:52,030 [INFO] PluginManage:310 - Check plugin cadmodel
2024-12-10 09:21:52,033 [INFO] CADModel:105 - Init CAD model plugin
2024-12-10 09:21:52,033 [INFO] PluginManage:359 - Loaded plugin cadmodel (category:power,tabindex:5)
2024-12-10 09:21:52,033 [INFO] PluginManage:310 - Check plugin clock
2024-12-10 09:21:52,040 [INFO] PluginManage:359 - Loaded plugin clock (category:base,tabindex:2)
2024-12-10 09:21:52,040 [INFO] PluginManage:310 - Check plugin ddr
2024-12-10 09:21:52,042 [INFO] PluginManage:359 - Loaded plugin ddr (category:tool,tabindex:6)
2024-12-10 09:21:52,042 [INFO] PluginManage:310 - Check plugin filemanager
2024-12-10 09:21:52,147 [INFO] PluginManage:359 - Loaded plugin filemanager (category:base,tabindex:10)
2024-12-10 09:21:52,148 [INFO] PluginManage:310 - Check plugin ipmanager
2024-12-10 09:21:52,168 [INFO] PluginManage:359 - Loaded plugin ipmanager (category:base,tabindex:5)
2024-12-10 09:21:52,168 [INFO] PluginManage:310 - Check plugin lpbam
2024-12-10 09:21:52,177 [INFO] PluginManage:359 - Loaded plugin lpbam (category:base,tabindex:0)
2024-12-10 09:21:52,177 [INFO] PluginManage:310 - Check plugin memorymap
2024-12-10 09:21:52,188 [INFO] PluginManage:359 - Loaded plugin memorymap (category:base,tabindex:4)
2024-12-10 09:21:52,188 [INFO] PluginManage:310 - Check plugin pinoutandconfiguration
2024-12-10 09:21:52,201 [INFO] PluginManage:359 - Loaded plugin pinoutandconfiguration (category:base,tabindex:1)
2024-12-10 09:21:52,201 [INFO] PluginManage:310 - Check plugin pinoutconfig
2024-12-10 09:21:52,266 [WARN] SupportedApi:132 - Cannot load RTOS API schema: s4s-elt-must-match.1: The content of 'definitions' must match (annotation?, (simpleType | complexType)?, (unique | key | keyref)*)). A problem was found starting at: attribute.
2024-12-10 09:21:52,357 [INFO] PluginManage:359 - Loaded plugin pinoutconfig (category:base,tabindex:0)
2024-12-10 09:21:52,357 [INFO] PluginManage:310 - Check plugin power
2024-12-10 09:21:52,363 [INFO] PluginManage:359 - Loaded plugin power (category:power,tabindex:4)
2024-12-10 09:21:52,363 [INFO] PluginManage:310 - Check plugin projectmanager
2024-12-10 09:21:52,375 [INFO] PluginManage:359 - Loaded plugin projectmanager (category:projectmanager,tabindex:4)
2024-12-10 09:21:52,375 [INFO] PluginManage:310 - Check plugin rif
2024-12-10 09:21:52,378 [INFO] PluginManage:359 - Loaded plugin rif (category:base,tabindex:3)
2024-12-10 09:21:52,378 [INFO] PluginManage:310 - Check plugin thirdparty
2024-12-10 09:21:52,476 [INFO] PluginManage:359 - Loaded plugin thirdparty (category:base,tabindex:-1)
2024-12-10 09:21:52,476 [WARN] IntegrityCheckThread:84 - waiting for thirdparty lock release [integrity check]
2024-12-10 09:21:52,477 [INFO] PluginManage:310 - Check plugin tools
2024-12-10 09:21:52,477 [INFO] IntegrityCheckThread:86 - entering critical section [integrity check]
2024-12-10 09:21:52,478 [INFO] ThirdPartyUpdaterWithRetryManager:70 - Updater plugin not ready yet. [1/15]
2024-12-10 09:21:52,479 [INFO] PluginManage:359 - Loaded plugin tools (category:base,tabindex:7)
2024-12-10 09:21:52,479 [INFO] PluginManage:310 - Check plugin tutovideos
2024-12-10 09:21:52,604 [INFO] PluginManage:359 - Loaded plugin tutovideos (category:base,tabindex:-1)
2024-12-10 09:21:52,604 [INFO] PluginManage:310 - Check plugin updater
2024-12-10 09:21:52,617 [INFO] PluginManage:359 - Loaded plugin updater (category:base,tabindex:12)
2024-12-10 09:21:52,617 [INFO] PluginManage:310 - Check plugin userauth
2024-12-10 09:21:52,621 [INFO] UserAuth:113 - Init User Auth plugin
2024-12-10 09:21:52,621 [INFO] PluginManage:359 - Loaded plugin userauth (category:base,tabindex:14)
2024-12-10 09:21:52,621 [INFO] PluginManage:283 - PluginManage : Loaded plugins [18]
2024-12-10 09:21:52,792 [INFO] PinOutPanel:1561 - setPackage(No Configuration,No Configuration)
2024-12-10 09:21:52,868 [INFO] CADModel:165 - CPN selected for project level
2024-12-10 09:21:52,868 [INFO] CADModel:114 - Register for checkConnection events
2024-12-10 09:21:52,881 [INFO] IPUIPlugin:80 - create IPUIPlugin
2024-12-10 09:21:52,881 [INFO] PluginManager:220 - loadIPPluginJar : add adc
2024-12-10 09:21:52,884 [INFO] IPUIPlugin:80 - create IPUIPlugin
2024-12-10 09:21:52,884 [INFO] PluginManager:220 - loadIPPluginJar : add aes
2024-12-10 09:21:52,886 [INFO] IPUIPlugin:80 - create IPUIPlugin
2024-12-10 09:21:52,886 [INFO] PluginManager:220 - loadIPPluginJar : add can
2024-12-10 09:21:52,887 [INFO] IPUIPlugin:80 - create IPUIPlugin
2024-12-10 09:21:52,887 [INFO] PluginManager:220 - loadIPPluginJar : add comp
2024-12-10 09:21:52,889 [INFO] IPUIPlugin:80 - create IPUIPlugin
2024-12-10 09:21:52,889 [INFO] PluginManager:220 - loadIPPluginJar : add cryp
2024-12-10 09:21:52,891 [INFO] IPUIPlugin:80 - create IPUIPlugin
2024-12-10 09:21:52,892 [INFO] PluginManager:220 - loadIPPluginJar : add ddr_ctrl_phy
2024-12-10 09:21:52,894 [INFO] IPUIPlugin:80 - create IPUIPlugin
2024-12-10 09:21:52,894 [INFO] PluginManager:220 - loadIPPluginJar : add dfsdm
2024-12-10 09:21:52,898 [INFO] IPUIPlugin:80 - create IPUIPlugin
2024-12-10 09:21:52,898 [INFO] PluginManager:220 - loadIPPluginJar : add dma
2024-12-10 09:21:52,900 [INFO] IPUIPlugin:80 - create IPUIPlugin
2024-12-10 09:21:52,900 [INFO] PluginManager:220 - loadIPPluginJar : add dma3
2024-12-10 09:21:52,902 [INFO] IPUIPlugin:80 - create IPUIPlugin
2024-12-10 09:21:52,902 [INFO] PluginManager:220 - loadIPPluginJar : add extmemmanager
2024-12-10 09:21:52,903 [INFO] IPUIPlugin:80 - create IPUIPlugin
2024-12-10 09:21:52,903 [INFO] PluginManager:220 - loadIPPluginJar : add fatfs
2024-12-10 09:21:52,907 [INFO] IPUIPlugin:80 - create IPUIPlugin
2024-12-10 09:21:52,907 [INFO] PluginManager:220 - loadIPPluginJar : add fmc
2024-12-10 09:21:52,911 [INFO] IPUIPlugin:80 - create IPUIPlugin
2024-12-10 09:21:52,911 [INFO] PluginManager:220 - loadIPPluginJar : add freertos
2024-12-10 09:21:52,912 [INFO] IPUIPlugin:80 - create IPUIPlugin
2024-12-10 09:21:52,912 [INFO] PluginManager:220 - loadIPPluginJar : add genericplugin
2024-12-10 09:21:52,914 [INFO] IPUIPlugin:80 - create IPUIPlugin
2024-12-10 09:21:52,914 [INFO] PluginManager:220 - loadIPPluginJar : add gfxmmu
2024-12-10 09:21:52,918 [INFO] IPUIPlugin:80 - create IPUIPlugin
2024-12-10 09:21:52,918 [INFO] PluginManager:220 - loadIPPluginJar : add gic
2024-12-10 09:21:52,921 [INFO] IPUIPlugin:80 - create IPUIPlugin
2024-12-10 09:21:52,921 [INFO] PluginManager:220 - loadIPPluginJar : add gpio
2024-12-10 09:21:52,924 [INFO] IPUIPlugin:80 - create IPUIPlugin
2024-12-10 09:21:52,924 [INFO] PluginManager:220 - loadIPPluginJar : add gtzc
2024-12-10 09:21:52,926 [INFO] IPUIPlugin:80 - create IPUIPlugin
2024-12-10 09:21:52,926 [INFO] PluginManager:220 - loadIPPluginJar : add hash
2024-12-10 09:21:52,928 [INFO] IPUIPlugin:80 - create IPUIPlugin
2024-12-10 09:21:52,928 [INFO] PluginManager:220 - loadIPPluginJar : add i2c
2024-12-10 09:21:52,930 [INFO] IPUIPlugin:80 - create IPUIPlugin
2024-12-10 09:21:52,930 [INFO] PluginManager:220 - loadIPPluginJar : add i2s
2024-12-10 09:21:52,932 [INFO] IPUIPlugin:80 - create IPUIPlugin
2024-12-10 09:21:52,932 [INFO] PluginManager:220 - loadIPPluginJar : add i3c
2024-12-10 09:21:52,934 [INFO] IPUIPlugin:80 - create IPUIPlugin
2024-12-10 09:21:52,935 [INFO] PluginManager:220 - loadIPPluginJar : add ipddr
2024-12-10 09:21:52,939 [INFO] IPUIPlugin:80 - create IPUIPlugin
2024-12-10 09:21:52,940 [INFO] PluginManager:220 - loadIPPluginJar : add linkedlist
2024-12-10 09:21:52,942 [INFO] IPUIPlugin:80 - create IPUIPlugin
2024-12-10 09:21:52,942 [INFO] PluginManager:220 - loadIPPluginJar : add lorawan
2024-12-10 09:21:52,943 [INFO] IPUIPlugin:80 - create IPUIPlugin
2024-12-10 09:21:52,944 [INFO] PluginManager:220 - loadIPPluginJar : add ltdc
2024-12-10 09:21:52,947 [INFO] IPUIPlugin:80 - create IPUIPlugin
2024-12-10 09:21:52,947 [INFO] PluginManager:220 - loadIPPluginJar : add mdma
2024-12-10 09:21:52,949 [INFO] IPUIPlugin:80 - create IPUIPlugin
2024-12-10 09:21:52,949 [INFO] PluginManager:220 - loadIPPluginJar : add nvic
2024-12-10 09:21:52,952 [INFO] IPUIPlugin:80 - create IPUIPlugin
2024-12-10 09:21:52,952 [INFO] PluginManager:220 - loadIPPluginJar : add opamp
2024-12-10 09:21:52,954 [INFO] IPUIPlugin:80 - create IPUIPlugin
2024-12-10 09:21:52,954 [INFO] PluginManager:220 - loadIPPluginJar : add openamp
2024-12-10 09:21:52,956 [INFO] IPUIPlugin:80 - create IPUIPlugin
2024-12-10 09:21:52,957 [INFO] PluginManager:220 - loadIPPluginJar : add pdm2pcm
2024-12-10 09:21:52,961 [INFO] IPUIPlugin:80 - create IPUIPlugin
2024-12-10 09:21:52,963 [INFO] PluginManager:220 - loadIPPluginJar : add plateformsettings
2024-12-10 09:21:52,964 [INFO] IPUIPlugin:80 - create IPUIPlugin
2024-12-10 09:21:52,964 [INFO] PluginManager:220 - loadIPPluginJar : add quadspi
2024-12-10 09:21:52,966 [INFO] IPUIPlugin:80 - create IPUIPlugin
2024-12-10 09:21:52,967 [INFO] PluginManager:220 - loadIPPluginJar : add radio
2024-12-10 09:21:52,969 [INFO] IPUIPlugin:80 - create IPUIPlugin
2024-12-10 09:21:52,969 [INFO] PluginManager:220 - loadIPPluginJar : add resmgrutility
2024-12-10 09:21:52,971 [INFO] IPUIPlugin:80 - create IPUIPlugin
2024-12-10 09:21:52,971 [INFO] PluginManager:220 - loadIPPluginJar : add sai
2024-12-10 09:21:52,973 [INFO] IPUIPlugin:80 - create IPUIPlugin
2024-12-10 09:21:52,974 [INFO] PluginManager:220 - loadIPPluginJar : add spi
2024-12-10 09:21:52,978 [INFO] IPUIPlugin:80 - create IPUIPlugin
2024-12-10 09:21:52,978 [INFO] PluginManager:220 - loadIPPluginJar : add stm32_wpan
2024-12-10 09:21:52,979 [INFO] IPUIPlugin:80 - create IPUIPlugin
2024-12-10 09:21:52,979 [INFO] PluginManager:220 - loadIPPluginJar : add tim
2024-12-10 09:21:52,981 [INFO] IPUIPlugin:80 - create IPUIPlugin
2024-12-10 09:21:52,982 [INFO] PluginManager:220 - loadIPPluginJar : add touchsensing
2024-12-10 09:21:52,983 [INFO] IPUIPlugin:80 - create IPUIPlugin
2024-12-10 09:21:52,983 [INFO] PluginManager:220 - loadIPPluginJar : add tracer_emb
2024-12-10 09:21:52,985 [INFO] IPUIPlugin:80 - create IPUIPlugin
2024-12-10 09:21:52,985 [INFO] PluginManager:220 - loadIPPluginJar : add ts
2024-12-10 09:21:52,986 [INFO] IPUIPlugin:80 - create IPUIPlugin
2024-12-10 09:21:52,986 [INFO] PluginManager:220 - loadIPPluginJar : add tsc
2024-12-10 09:21:52,987 [INFO] IPUIPlugin:80 - create IPUIPlugin
2024-12-10 09:21:52,988 [INFO] PluginManager:220 - loadIPPluginJar : add ucpd
2024-12-10 09:21:52,989 [INFO] IPUIPlugin:80 - create IPUIPlugin
2024-12-10 09:21:52,990 [INFO] PluginManager:220 - loadIPPluginJar : add usart
2024-12-10 09:21:52,992 [INFO] IPUIPlugin:80 - create IPUIPlugin
2024-12-10 09:21:52,992 [INFO] PluginManager:220 - loadIPPluginJar : add usbx
2024-12-10 09:21:53,099 [INFO] CADModel:165 - CPN selected for project level
2024-12-10 09:21:53,099 [INFO] CADModel:114 - Register for checkConnection events
2024-12-10 09:21:53,099 [FATAL] Updater:334 - Updater called before beeing initialized
2024-12-10 09:21:53,099 [ERROR] CADModel:125 - Updater not yet initialized, retry later 
2024-12-10 09:21:53,202 [INFO] CADModel:165 - CPN selected for project level
2024-12-10 09:21:53,202 [INFO] CADModel:114 - Register for checkConnection events
2024-12-10 09:21:53,202 [FATAL] Updater:334 - Updater called before beeing initialized
2024-12-10 09:21:53,202 [ERROR] CADModel:125 - Updater not yet initialized, retry later 
2024-12-10 09:21:53,204 [FATAL] Updater:334 - Updater called before beeing initialized
2024-12-10 09:21:53,280 [FATAL] Updater:334 - Updater called before beeing initialized
2024-12-10 09:21:53,283 [INFO] DbMcusAds:53 - JSON generation date=Fri Sep 20 22:04:38 KST 2024 (1726837478367)
2024-12-10 09:21:53,283 [FATAL] Updater:334 - Updater called before beeing initialized
2024-12-10 09:21:53,309 [WARN] DetailPanel:346 - Failed to get advertising image, set to default
2024-12-10 09:21:53,379 [FATAL] Updater:334 - Updater called before beeing initialized
2024-12-10 09:21:53,380 [FATAL] Updater:334 - Updater called before beeing initialized
2024-12-10 09:21:53,380 [FATAL] Updater:334 - Updater called before beeing initialized
2024-12-10 09:21:53,380 [WARN] DetailPanel:346 - Failed to get advertising image, set to default
2024-12-10 09:21:53,380 [FATAL] Updater:334 - Updater called before beeing initialized
2024-12-10 09:21:53,413 [ERROR] Updater:1164 - MainUpdater not yet initialized. External WinMGr cannot be set.
2024-12-10 09:21:53,414 [INFO] Updater:1100 - Updater Version found : 6.12.1
2024-12-10 09:21:53,426 [INFO] ApplicationProperties:184 - Using Application install path: C:\ST\STM32CubeIDE_1.10.1\STM32CubeIDE\plugins\com.st.stm32cube.common.mx_6.12.1.202409122256
2024-12-10 13:50:37,020 [INFO] Activator:176 - 


2024-12-10 13:50:37,021 [INFO] Activator:177 - !SESSION log4j initialized
2024-12-10 13:50:39,275 [INFO] LogOutputStream:77 - [STDOUT_REDIRECT] 
2024-12-10 13:50:41,393 [INFO] ApplicationProperties:184 - Using Application install path: C:\ST\STM32CubeIDE_1.10.1\STM32CubeIDE\plugins\com.st.stm32cube.common.mx_6.12.1.202409122256
2024-12-10 13:50:41,403 [INFO] DbMcusXml:78 - Set database path to: C:\ST\STM32CubeIDE_1.10.1\STM32CubeIDE\plugins\com.st.stm32cube.common.mx_6.12.1.202409122256\\db\/mcu/
2024-12-10 13:50:41,403 [INFO] ApiDb:274 - Set plugin database path to: C:\ST\STM32CubeIDE_1.10.1\STM32CubeIDE\plugins\com.st.stm32cube.common.mx_6.12.1.202409122256\\db\/plugins/boardmanager/
2024-12-10 13:50:41,403 [WARN] ApiDb:259 - Overriding images path with different value:  => C:\ST\STM32CubeIDE_1.10.1\STM32CubeIDE\plugins\com.st.stm32cube.common.mx_6.12.1.202409122256\\db\/plugins/mcufinder/images/
2024-12-10 13:50:41,408 [INFO] ApiDb:250 - Set database path to: C:\Users\PKNU\.stmcufinder\plugins\mcufinder//mcu/
2024-12-10 13:50:41,408 [INFO] DbMcusAds:125 - Set database path to: C:\Users\PKNU\.stmcufinder\plugins\mcufinder//mcu/
2024-12-10 13:50:41,410 [INFO] CrossReferenceDbSqlite:203 - Set database path to: C:\Users\PKNU\.stmcufinder\plugins\mcufinder//mcu/cs/
2024-12-10 13:50:41,491 [INFO] RulesReader:64 - Compatibility file has been processed (297 Rules)
2024-12-10 13:50:41,546 [INFO] DbMcusXml:78 - Set database path to: C:\ST\STM32CubeIDE_1.10.1\STM32CubeIDE\plugins\com.st.stm32cube.common.mx_6.12.1.202409122256\\db\/mcu/
2024-12-10 13:50:41,546 [INFO] ApiDb:274 - Set plugin database path to: C:\ST\STM32CubeIDE_1.10.1\STM32CubeIDE\plugins\com.st.stm32cube.common.mx_6.12.1.202409122256\\db\/plugins/boardmanager/
2024-12-10 13:50:41,546 [INFO] ApiDb:261 - Set plugin images path to: C:\ST\STM32CubeIDE_1.10.1\STM32CubeIDE\plugins\com.st.stm32cube.common.mx_6.12.1.202409122256\\db\/plugins/mcufinder/images/
2024-12-10 13:50:41,546 [WARN] DbFile:41 - Overriding database path with different value: C:\Users\PKNU\.stmcufinder\plugins\mcufinder/ => C:\Users\PKNU\.stmcufinder\plugins\mcufinder
2024-12-10 13:50:41,546 [INFO] ApiDb:250 - Set database path to: C:\Users\PKNU\.stmcufinder\plugins\mcufinder//mcu/
2024-12-10 13:50:41,546 [WARN] DbFile:41 - Overriding database path with different value: C:\Users\PKNU\.stmcufinder\plugins\mcufinder/ => C:\Users\PKNU\.stmcufinder\plugins\mcufinder
2024-12-10 13:50:41,546 [INFO] DbMcusAds:125 - Set database path to: C:\Users\PKNU\.stmcufinder\plugins\mcufinder//mcu/
2024-12-10 13:50:41,546 [WARN] DbFile:41 - Overriding database path with different value: C:\Users\PKNU\.stmcufinder\plugins\mcufinder/ => C:\Users\PKNU\.stmcufinder\plugins\mcufinder
2024-12-10 13:50:41,546 [WARN] DbFile:41 - Overriding database path with different value: C:\Users\PKNU\.stmcufinder\plugins\mcufinder/ => C:\Users\PKNU\.stmcufinder\plugins\mcufinder
2024-12-10 13:50:41,546 [INFO] CrossReferenceDbSqlite:203 - Set database path to: C:\Users\PKNU\.stmcufinder\plugins\mcufinder//mcu/cs/
2024-12-10 13:50:41,597 [INFO] MainPanel:268 - HeapMemory: 268435456
2024-12-10 13:50:41,647 [INFO] DbMcusXml:78 - Set database path to: C:\ST\STM32CubeIDE_1.10.1\STM32CubeIDE\plugins\com.st.stm32cube.common.mx_6.12.1.202409122256\\db\/mcu/
2024-12-10 13:50:41,647 [INFO] ApiDb:274 - Set plugin database path to: C:\ST\STM32CubeIDE_1.10.1\STM32CubeIDE\plugins\com.st.stm32cube.common.mx_6.12.1.202409122256\\db\/plugins/boardmanager/
2024-12-10 13:50:41,647 [INFO] ApiDb:261 - Set plugin images path to: C:\ST\STM32CubeIDE_1.10.1\STM32CubeIDE\plugins\com.st.stm32cube.common.mx_6.12.1.202409122256\\db\/plugins/mcufinder/images/
2024-12-10 13:50:41,647 [WARN] DbFile:41 - Overriding database path with different value: C:\Users\PKNU\.stmcufinder\plugins\mcufinder/ => C:\Users\PKNU\.stmcufinder\plugins\mcufinder
2024-12-10 13:50:41,647 [INFO] ApiDb:250 - Set database path to: C:\Users\PKNU\.stmcufinder\plugins\mcufinder//mcu/
2024-12-10 13:50:41,647 [WARN] DbFile:41 - Overriding database path with different value: C:\Users\PKNU\.stmcufinder\plugins\mcufinder/ => C:\Users\PKNU\.stmcufinder\plugins\mcufinder
2024-12-10 13:50:41,647 [INFO] DbMcusAds:125 - Set database path to: C:\Users\PKNU\.stmcufinder\plugins\mcufinder//mcu/
2024-12-10 13:50:41,647 [WARN] DbFile:41 - Overriding database path with different value: C:\Users\PKNU\.stmcufinder\plugins\mcufinder/ => C:\Users\PKNU\.stmcufinder\plugins\mcufinder
2024-12-10 13:50:41,647 [WARN] DbFile:41 - Overriding database path with different value: C:\Users\PKNU\.stmcufinder\plugins\mcufinder/ => C:\Users\PKNU\.stmcufinder\plugins\mcufinder
2024-12-10 13:50:41,648 [INFO] CrossReferenceDbSqlite:203 - Set database path to: C:\Users\PKNU\.stmcufinder\plugins\mcufinder//mcu/cs/
2024-12-10 13:50:41,658 [INFO] ApplicationProperties:184 - Using Application install path: C:\ST\STM32CubeIDE_1.10.1\STM32CubeIDE\plugins\com.st.stm32cube.common.mx_6.12.1.202409122256
2024-12-10 13:50:41,659 [INFO] PluginManage:196 - Search for loadable plugins [exclusion list=, ]
2024-12-10 13:50:41,660 [INFO] PluginManage:310 - Check plugin analytics
2024-12-10 13:50:41,781 [INFO] AnalyticsPlugin:253 - Accepted Software Licenses: 
2024-12-10 13:50:41,781 [INFO] AnalyticsPlugin:255 - Accepted CMSIS Pack Licenses: 
2024-12-10 13:50:41,781 [INFO] AnalyticsPlugin:257 - Accepted Firmware Licenses: FW.F4.1.27.0
2024-12-10 13:50:41,783 [INFO] PluginManage:359 - Loaded plugin analytics (category:tool,tabindex:-1)
2024-12-10 13:50:41,783 [INFO] PluginManage:310 - Check plugin cadmodel
2024-12-10 13:50:41,796 [INFO] CADModel:105 - Init CAD model plugin
2024-12-10 13:50:41,796 [INFO] PluginManage:359 - Loaded plugin cadmodel (category:power,tabindex:5)
2024-12-10 13:50:41,796 [INFO] PluginManage:310 - Check plugin clock
2024-12-10 13:50:41,808 [INFO] PluginManage:359 - Loaded plugin clock (category:base,tabindex:2)
2024-12-10 13:50:41,808 [INFO] PluginManage:310 - Check plugin ddr
2024-12-10 13:50:41,810 [INFO] PluginManage:359 - Loaded plugin ddr (category:tool,tabindex:6)
2024-12-10 13:50:41,810 [INFO] PluginManage:310 - Check plugin filemanager
2024-12-10 13:50:41,902 [INFO] PluginManage:359 - Loaded plugin filemanager (category:base,tabindex:10)
2024-12-10 13:50:41,903 [INFO] PluginManage:310 - Check plugin ipmanager
2024-12-10 13:50:41,908 [INFO] PluginManage:359 - Loaded plugin ipmanager (category:base,tabindex:5)
2024-12-10 13:50:41,908 [INFO] PluginManage:310 - Check plugin lpbam
2024-12-10 13:50:41,917 [INFO] PluginManage:359 - Loaded plugin lpbam (category:base,tabindex:0)
2024-12-10 13:50:41,917 [INFO] PluginManage:310 - Check plugin memorymap
2024-12-10 13:50:41,930 [INFO] PluginManage:359 - Loaded plugin memorymap (category:base,tabindex:4)
2024-12-10 13:50:41,930 [INFO] PluginManage:310 - Check plugin pinoutandconfiguration
2024-12-10 13:50:41,939 [INFO] PluginManage:359 - Loaded plugin pinoutandconfiguration (category:base,tabindex:1)
2024-12-10 13:50:41,940 [INFO] PluginManage:310 - Check plugin pinoutconfig
2024-12-10 13:50:42,005 [WARN] SupportedApi:132 - Cannot load RTOS API schema: s4s-elt-must-match.1: The content of 'definitions' must match (annotation?, (simpleType | complexType)?, (unique | key | keyref)*)). A problem was found starting at: attribute.
2024-12-10 13:50:42,098 [INFO] PluginManage:359 - Loaded plugin pinoutconfig (category:base,tabindex:0)
2024-12-10 13:50:42,098 [INFO] PluginManage:310 - Check plugin power
2024-12-10 13:50:42,113 [INFO] PluginManage:359 - Loaded plugin power (category:power,tabindex:4)
2024-12-10 13:50:42,114 [INFO] PluginManage:310 - Check plugin projectmanager
2024-12-10 13:50:42,125 [INFO] PluginManage:359 - Loaded plugin projectmanager (category:projectmanager,tabindex:4)
2024-12-10 13:50:42,126 [INFO] PluginManage:310 - Check plugin rif
2024-12-10 13:50:42,135 [INFO] PluginManage:359 - Loaded plugin rif (category:base,tabindex:3)
2024-12-10 13:50:42,135 [INFO] PluginManage:310 - Check plugin thirdparty
2024-12-10 13:50:42,257 [INFO] PluginManage:359 - Loaded plugin thirdparty (category:base,tabindex:-1)
2024-12-10 13:50:42,257 [WARN] IntegrityCheckThread:84 - waiting for thirdparty lock release [integrity check]
2024-12-10 13:50:42,257 [INFO] PluginManage:310 - Check plugin tools
2024-12-10 13:50:42,257 [INFO] IntegrityCheckThread:86 - entering critical section [integrity check]
2024-12-10 13:50:42,257 [INFO] ThirdPartyUpdaterWithRetryManager:70 - Updater plugin not ready yet. [1/15]
2024-12-10 13:50:42,261 [INFO] PluginManage:359 - Loaded plugin tools (category:base,tabindex:7)
2024-12-10 13:50:42,262 [INFO] PluginManage:310 - Check plugin tutovideos
2024-12-10 13:50:42,375 [INFO] PluginManage:359 - Loaded plugin tutovideos (category:base,tabindex:-1)
2024-12-10 13:50:42,376 [INFO] PluginManage:310 - Check plugin updater
2024-12-10 13:50:42,386 [INFO] PluginManage:359 - Loaded plugin updater (category:base,tabindex:12)
2024-12-10 13:50:42,386 [INFO] PluginManage:310 - Check plugin userauth
2024-12-10 13:50:42,389 [INFO] UserAuth:113 - Init User Auth plugin
2024-12-10 13:50:42,390 [INFO] PluginManage:359 - Loaded plugin userauth (category:base,tabindex:14)
2024-12-10 13:50:42,390 [INFO] PluginManage:283 - PluginManage : Loaded plugins [18]
2024-12-10 13:50:42,519 [INFO] PinOutPanel:1561 - setPackage(No Configuration,No Configuration)
2024-12-10 13:50:42,589 [INFO] CADModel:165 - CPN selected for project level
2024-12-10 13:50:42,589 [INFO] CADModel:114 - Register for checkConnection events
2024-12-10 13:50:42,609 [INFO] IPUIPlugin:80 - create IPUIPlugin
2024-12-10 13:50:42,609 [INFO] PluginManager:220 - loadIPPluginJar : add adc
2024-12-10 13:50:42,616 [INFO] IPUIPlugin:80 - create IPUIPlugin
2024-12-10 13:50:42,617 [INFO] PluginManager:220 - loadIPPluginJar : add aes
2024-12-10 13:50:42,624 [INFO] IPUIPlugin:80 - create IPUIPlugin
2024-12-10 13:50:42,624 [INFO] PluginManager:220 - loadIPPluginJar : add can
2024-12-10 13:50:42,628 [INFO] IPUIPlugin:80 - create IPUIPlugin
2024-12-10 13:50:42,628 [INFO] PluginManager:220 - loadIPPluginJar : add comp
2024-12-10 13:50:42,636 [INFO] IPUIPlugin:80 - create IPUIPlugin
2024-12-10 13:50:42,636 [INFO] PluginManager:220 - loadIPPluginJar : add cryp
2024-12-10 13:50:42,645 [INFO] IPUIPlugin:80 - create IPUIPlugin
2024-12-10 13:50:42,645 [INFO] PluginManager:220 - loadIPPluginJar : add ddr_ctrl_phy
2024-12-10 13:50:42,651 [INFO] IPUIPlugin:80 - create IPUIPlugin
2024-12-10 13:50:42,651 [INFO] PluginManager:220 - loadIPPluginJar : add dfsdm
2024-12-10 13:50:42,660 [INFO] IPUIPlugin:80 - create IPUIPlugin
2024-12-10 13:50:42,661 [INFO] PluginManager:220 - loadIPPluginJar : add dma
2024-12-10 13:50:42,666 [INFO] IPUIPlugin:80 - create IPUIPlugin
2024-12-10 13:50:42,666 [INFO] PluginManager:220 - loadIPPluginJar : add dma3
2024-12-10 13:50:42,675 [INFO] IPUIPlugin:80 - create IPUIPlugin
2024-12-10 13:50:42,675 [INFO] PluginManager:220 - loadIPPluginJar : add extmemmanager
2024-12-10 13:50:42,679 [INFO] IPUIPlugin:80 - create IPUIPlugin
2024-12-10 13:50:42,679 [INFO] PluginManager:220 - loadIPPluginJar : add fatfs
2024-12-10 13:50:42,687 [INFO] IPUIPlugin:80 - create IPUIPlugin
2024-12-10 13:50:42,687 [INFO] PluginManager:220 - loadIPPluginJar : add fmc
2024-12-10 13:50:42,699 [INFO] IPUIPlugin:80 - create IPUIPlugin
2024-12-10 13:50:42,699 [INFO] PluginManager:220 - loadIPPluginJar : add freertos
2024-12-10 13:50:42,702 [INFO] IPUIPlugin:80 - create IPUIPlugin
2024-12-10 13:50:42,702 [INFO] PluginManager:220 - loadIPPluginJar : add genericplugin
2024-12-10 13:50:42,708 [INFO] IPUIPlugin:80 - create IPUIPlugin
2024-12-10 13:50:42,708 [INFO] PluginManager:220 - loadIPPluginJar : add gfxmmu
2024-12-10 13:50:42,717 [INFO] IPUIPlugin:80 - create IPUIPlugin
2024-12-10 13:50:42,717 [INFO] PluginManager:220 - loadIPPluginJar : add gic
2024-12-10 13:50:42,726 [INFO] IPUIPlugin:80 - create IPUIPlugin
2024-12-10 13:50:42,726 [INFO] PluginManager:220 - loadIPPluginJar : add gpio
2024-12-10 13:50:42,733 [INFO] IPUIPlugin:80 - create IPUIPlugin
2024-12-10 13:50:42,733 [INFO] PluginManager:220 - loadIPPluginJar : add gtzc
2024-12-10 13:50:42,739 [INFO] IPUIPlugin:80 - create IPUIPlugin
2024-12-10 13:50:42,739 [INFO] PluginManager:220 - loadIPPluginJar : add hash
2024-12-10 13:50:42,746 [INFO] IPUIPlugin:80 - create IPUIPlugin
2024-12-10 13:50:42,746 [INFO] PluginManager:220 - loadIPPluginJar : add i2c
2024-12-10 13:50:42,753 [INFO] IPUIPlugin:80 - create IPUIPlugin
2024-12-10 13:50:42,753 [INFO] PluginManager:220 - loadIPPluginJar : add i2s
2024-12-10 13:50:42,760 [INFO] IPUIPlugin:80 - create IPUIPlugin
2024-12-10 13:50:42,760 [INFO] PluginManager:220 - loadIPPluginJar : add i3c
2024-12-10 13:50:42,768 [INFO] IPUIPlugin:80 - create IPUIPlugin
2024-12-10 13:50:42,768 [INFO] PluginManager:220 - loadIPPluginJar : add ipddr
2024-12-10 13:50:42,777 [INFO] IPUIPlugin:80 - create IPUIPlugin
2024-12-10 13:50:42,777 [INFO] PluginManager:220 - loadIPPluginJar : add linkedlist
2024-12-10 13:50:42,782 [INFO] IPUIPlugin:80 - create IPUIPlugin
2024-12-10 13:50:42,782 [INFO] PluginManager:220 - loadIPPluginJar : add lorawan
2024-12-10 13:50:42,786 [INFO] IPUIPlugin:80 - create IPUIPlugin
2024-12-10 13:50:42,786 [INFO] PluginManager:220 - loadIPPluginJar : add ltdc
2024-12-10 13:50:42,794 [INFO] IPUIPlugin:80 - create IPUIPlugin
2024-12-10 13:50:42,794 [INFO] PluginManager:220 - loadIPPluginJar : add mdma
2024-12-10 13:50:42,801 [INFO] IPUIPlugin:80 - create IPUIPlugin
2024-12-10 13:50:42,801 [INFO] PluginManager:220 - loadIPPluginJar : add nvic
2024-12-10 13:50:42,807 [INFO] IPUIPlugin:80 - create IPUIPlugin
2024-12-10 13:50:42,807 [INFO] PluginManager:220 - loadIPPluginJar : add opamp
2024-12-10 13:50:42,812 [INFO] IPUIPlugin:80 - create IPUIPlugin
2024-12-10 13:50:42,812 [INFO] PluginManager:220 - loadIPPluginJar : add openamp
2024-12-10 13:50:42,818 [INFO] IPUIPlugin:80 - create IPUIPlugin
2024-12-10 13:50:42,818 [INFO] PluginManager:220 - loadIPPluginJar : add pdm2pcm
2024-12-10 13:50:42,827 [INFO] IPUIPlugin:80 - create IPUIPlugin
2024-12-10 13:50:42,829 [INFO] PluginManager:220 - loadIPPluginJar : add plateformsettings
2024-12-10 13:50:42,831 [INFO] IPUIPlugin:80 - create IPUIPlugin
2024-12-10 13:50:42,831 [INFO] PluginManager:220 - loadIPPluginJar : add quadspi
2024-12-10 13:50:42,834 [INFO] IPUIPlugin:80 - create IPUIPlugin
2024-12-10 13:50:42,835 [INFO] PluginManager:220 - loadIPPluginJar : add radio
2024-12-10 13:50:42,841 [INFO] IPUIPlugin:80 - create IPUIPlugin
2024-12-10 13:50:42,841 [INFO] PluginManager:220 - loadIPPluginJar : add resmgrutility
2024-12-10 13:50:42,848 [INFO] IPUIPlugin:80 - create IPUIPlugin
2024-12-10 13:50:42,848 [INFO] PluginManager:220 - loadIPPluginJar : add sai
2024-12-10 13:50:42,853 [INFO] IPUIPlugin:80 - create IPUIPlugin
2024-12-10 13:50:42,853 [INFO] PluginManager:220 - loadIPPluginJar : add spi
2024-12-10 13:50:42,861 [INFO] IPUIPlugin:80 - create IPUIPlugin
2024-12-10 13:50:42,861 [INFO] PluginManager:220 - loadIPPluginJar : add stm32_wpan
2024-12-10 13:50:42,864 [INFO] IPUIPlugin:80 - create IPUIPlugin
2024-12-10 13:50:42,864 [INFO] PluginManager:220 - loadIPPluginJar : add tim
2024-12-10 13:50:42,871 [INFO] IPUIPlugin:80 - create IPUIPlugin
2024-12-10 13:50:42,871 [INFO] PluginManager:220 - loadIPPluginJar : add touchsensing
2024-12-10 13:50:42,874 [INFO] IPUIPlugin:80 - create IPUIPlugin
2024-12-10 13:50:42,874 [INFO] PluginManager:220 - loadIPPluginJar : add tracer_emb
2024-12-10 13:50:42,878 [INFO] IPUIPlugin:80 - create IPUIPlugin
2024-12-10 13:50:42,878 [INFO] PluginManager:220 - loadIPPluginJar : add ts
2024-12-10 13:50:42,881 [INFO] IPUIPlugin:80 - create IPUIPlugin
2024-12-10 13:50:42,881 [INFO] PluginManager:220 - loadIPPluginJar : add tsc
2024-12-10 13:50:42,885 [INFO] IPUIPlugin:80 - create IPUIPlugin
2024-12-10 13:50:42,885 [INFO] PluginManager:220 - loadIPPluginJar : add ucpd
2024-12-10 13:50:42,892 [INFO] IPUIPlugin:80 - create IPUIPlugin
2024-12-10 13:50:42,892 [INFO] PluginManager:220 - loadIPPluginJar : add usart
2024-12-10 13:50:42,899 [INFO] IPUIPlugin:80 - create IPUIPlugin
2024-12-10 13:50:42,899 [INFO] PluginManager:220 - loadIPPluginJar : add usbx
2024-12-10 13:50:43,008 [INFO] CADModel:165 - CPN selected for project level
2024-12-10 13:50:43,008 [INFO] CADModel:114 - Register for checkConnection events
2024-12-10 13:50:43,008 [FATAL] Updater:334 - Updater called before beeing initialized
2024-12-10 13:50:43,008 [ERROR] CADModel:125 - Updater not yet initialized, retry later 
2024-12-10 13:50:43,098 [INFO] CADModel:165 - CPN selected for project level
2024-12-10 13:50:43,098 [INFO] CADModel:114 - Register for checkConnection events
2024-12-10 13:50:43,098 [FATAL] Updater:334 - Updater called before beeing initialized
2024-12-10 13:50:43,098 [ERROR] CADModel:125 - Updater not yet initialized, retry later 
2024-12-10 13:50:43,100 [FATAL] Updater:334 - Updater called before beeing initialized
2024-12-10 13:50:43,172 [FATAL] Updater:334 - Updater called before beeing initialized
2024-12-10 13:50:43,175 [INFO] DbMcusAds:53 - JSON generation date=Fri Sep 20 22:04:38 KST 2024 (1726837478367)
2024-12-10 13:50:43,175 [FATAL] Updater:334 - Updater called before beeing initialized
2024-12-10 13:50:43,200 [WARN] DetailPanel:346 - Failed to get advertising image, set to default
2024-12-10 13:50:43,267 [FATAL] Updater:334 - Updater called before beeing initialized
2024-12-10 13:50:43,268 [FATAL] Updater:334 - Updater called before beeing initialized
2024-12-10 13:50:43,268 [FATAL] Updater:334 - Updater called before beeing initialized
2024-12-10 13:50:43,268 [WARN] DetailPanel:346 - Failed to get advertising image, set to default
2024-12-10 13:50:43,269 [FATAL] Updater:334 - Updater called before beeing initialized
2024-12-10 13:50:43,306 [ERROR] Updater:1164 - MainUpdater not yet initialized. External WinMGr cannot be set.
2024-12-10 13:50:43,308 [INFO] Updater:1100 - Updater Version found : 6.12.1
2024-12-10 13:50:43,322 [INFO] ApplicationProperties:184 - Using Application install path: C:\ST\STM32CubeIDE_1.10.1\STM32CubeIDE\plugins\com.st.stm32cube.common.mx_6.12.1.202409122256
2024-12-10 13:50:44,888 [ERROR] LogOutputStream:75 - [STDERR_REDIRECT] Dec 10, 2024 1:50:44 PM java.util.prefs.WindowsPreferences <init>
2024-12-10 13:50:44,890 [ERROR] LogOutputStream:75 - [STDERR_REDIRECT] WARNING: Could not open/create prefs root node Software\JavaSoft\Prefs at root 0xffffffff80000002. Windows RegCreateKeyEx(...) returned error code 5.
2024-12-10 13:50:44,890 [ERROR] LogOutputStream:75 - [STDERR_REDIRECT] 
2024-12-10 13:50:45,259 [INFO] ThirdPartyUpdaterWithRetryManager:70 - Updater plugin not ready yet. [2/15]
2024-12-10 13:50:45,553 [INFO] MainUpdater:2873 - connection check result : 10
2024-12-10 13:50:45,554 [INFO] MainUpdater:290 - Updater Check For Update Now.
2024-12-10 13:50:45,554 [INFO] MicroXplorer:498 - Change Database Version : DB.6.0.121
2024-12-10 13:50:45,561 [INFO] McuFinderGlobals:63 - Set McuFinder mode to 2 (CubeIDE integrated)
2024-12-10 13:50:45,561 [INFO] UserAuth:179 - activating auth plugin
2024-12-10 13:50:45,563 [INFO] UserAuth:417 - Internet connection configuration mode: 1
2024-12-10 13:50:45,576 [INFO] JxBrowserEngine:152 - Initiate JxBrowser Engine with user profile folder
2024-12-10 13:50:45,725 [INFO] CheckServerUpdateThread:120 - End of CheckServer Thread
2024-12-10 13:50:46,259 [INFO] WebApp:167 - Instantiating new browser for Auth
2024-12-10 13:50:46,762 [INFO] WebApp:448 - Apply proxy settings
2024-12-10 13:50:46,762 [INFO] WebApp:533 - Chromium requires no authentication
2024-12-10 13:50:46,767 [INFO] WebApp:476 - Direct internet connection detected
2024-12-10 13:50:46,786 [INFO] WebApp:869 - Register for checkConnection events
2024-12-10 13:50:46,786 [INFO] WebApp:448 - Apply proxy settings
2024-12-10 13:50:46,786 [INFO] WebApp:533 - Chromium requires no authentication
2024-12-10 13:50:46,786 [INFO] WebApp:476 - Direct internet connection detected
2024-12-10 13:50:46,889 [INFO] WebApp:220 - Starting web application
2024-12-10 13:50:46,889 [INFO] WebApp:578 - Web application path used C:\ST\STM32CubeIDE_1.10.1\STM32CubeIDE\plugins\com.st.stm32cube.common.mx_6.12.1.202409122256\db\plugins\mcufinder\reactClient1\index.html
2024-12-10 13:50:47,346 [INFO] WebApp:186 - Connection restablished
2024-12-10 13:50:48,461 [WARN] PackLoader:240 - Cannot read IP mode file for STMicroelectronics.FP-SNS-MOTENVWB1.1.4.0
2024-12-10 13:50:48,467 [WARN] PackLoader:240 - Cannot read IP mode file for STMicroelectronics.FP-ATR-ASTRA1.2.0.1
2024-12-10 13:50:48,476 [WARN] PackLoader:240 - Cannot read IP mode file for STMicroelectronics.X-CUBE-SMBUS.2.1.0
2024-12-10 13:50:48,487 [WARN] PackLoader:240 - Cannot read IP mode file for STMicroelectronics.X-CUBE-WB05N.1.1.0
2024-12-10 13:50:48,511 [WARN] PackLoader:240 - Cannot read IP mode file for STMicroelectronics.X-CUBE-AZRTOS-F7.1.1.0
2024-12-10 13:50:48,529 [WARN] PackLoader:240 - Cannot read IP mode file for STMicroelectronics.X-CUBE-BLE1.6.2.3
2024-12-10 13:50:48,633 [WARN] PackLoader:240 - Cannot read IP mode file for STMicroelectronics.X-CUBE-MEMS1.11.0.0
2024-12-10 13:50:48,741 [WARN] PackLoader:240 - Cannot read IP mode file for STMicroelectronics.FP-SNS-FLIGHT1.5.0.2
2024-12-10 13:50:48,749 [WARN] PackLoader:240 - Cannot read IP mode file for STMicroelectronics.X-CUBE-TOF1.3.1.0
2024-12-10 13:50:48,757 [WARN] PackLoader:240 - Cannot read IP mode file for STMicroelectronics.X-CUBE-DISPLAY.3.0.0
2024-12-10 13:50:48,766 [WARN] PackLoader:240 - Cannot read IP mode file for STMicroelectronics.X-CUBE-BLE1.7.0.0
2024-12-10 13:50:48,776 [WARN] PackLoader:240 - Cannot read IP mode file for STMicroelectronics.X-CUBE-NFC10.1.0.0
2024-12-10 13:50:48,784 [WARN] PackLoader:240 - Cannot read IP mode file for STMicroelectronics.X-CUBE-BLEMGR.4.0.0
2024-12-10 13:50:48,847 [WARN] PackLoader:240 - Cannot read IP mode file for STMicroelectronics.X-CUBE-MEMS1.9.3.0
2024-12-10 13:50:48,916 [WARN] PackLoader:240 - Cannot read IP mode file for STMicroelectronics.X-CUBE-AI.7.2.0
2024-12-10 13:50:48,922 [WARN] PackLoader:240 - Cannot read IP mode file for STMicroelectronics.X-CUBE-BLEMGR.3.1.0
2024-12-10 13:50:48,929 [WARN] PackLoader:240 - Cannot read IP mode file for STMicroelectronics.FP-SNS-SMARTAG2.1.2.0
2024-12-10 13:50:48,937 [INFO] LogOutputStream:77 - [STDOUT_REDIRECT] 1 : Invalid condition id : UX_CORESTACK_Condition cause : null
2024-12-10 13:50:48,937 [INFO] LogOutputStream:77 - [STDOUT_REDIRECT] 1 : Invalid condition id : UX_CORESTACK_Condition cause : null
2024-12-10 13:50:48,938 [INFO] LogOutputStream:77 - [STDOUT_REDIRECT] 1 : Invalid condition id : UX_CORESTACK_Condition cause : null
2024-12-10 13:50:48,939 [INFO] LogOutputStream:77 - [STDOUT_REDIRECT] 1 : Invalid condition id : UX_CORESTACK_Condition cause : null
2024-12-10 13:50:48,940 [INFO] LogOutputStream:77 - [STDOUT_REDIRECT] 1 : Invalid condition id : UX_CORESTACK_Condition cause : null
2024-12-10 13:50:48,942 [WARN] PackLoader:240 - Cannot read IP mode file for STMicroelectronics.X-CUBE-AZRTOS-WL.2.0.0
2024-12-10 13:50:48,947 [WARN] PackLoader:240 - Cannot read IP mode file for STMicroelectronics.FP-SNS-MOTENV1.5.0.0
2024-12-10 13:50:48,963 [WARN] PackLoader:240 - Cannot read IP mode file for wolfSSL.I-CUBE-wolfMQTT.1.19.0
2024-12-10 13:50:48,972 [WARN] PackLoader:240 - Cannot read IP mode file for WES.I-CUBE-Cesium.1.3.0
2024-12-10 13:50:48,980 [WARN] PackLoader:240 - Cannot read IP mode file for STMicroelectronics.X-CUBE-BLE2.3.3.0
2024-12-10 13:50:48,985 [WARN] PackLoader:240 - Cannot read IP mode file for STMicroelectronics.X-CUBE-DISPLAY.2.2.0
2024-12-10 13:50:48,994 [WARN] PackLoader:240 - Cannot read IP mode file for STMicroelectronics.X-CUBE-TOF1.3.2.0
2024-12-10 13:50:49,003 [WARN] PackLoader:240 - Cannot read IP mode file for STMicroelectronics.X-CUBE-ISPU.1.0.0
2024-12-10 13:50:49,013 [WARN] PackLoader:240 - Cannot read IP mode file for STMicroelectronics.X-CUBE-NFC9.1.0.0
2024-12-10 13:50:49,026 [WARN] PackLoader:240 - Cannot read IP mode file for STMicroelectronics.X-CUBE-AZRTOS-H7.2.1.0
2024-12-10 13:50:49,032 [WARN] PackLoader:240 - Cannot read IP mode file for STMicroelectronics.X-CUBE-TCPP.4.1.0
2024-12-10 13:50:49,038 [WARN] PackLoader:240 - Cannot read IP mode file for STMicroelectronics.X-CUBE-AI.7.3.0
2024-12-10 13:50:49,047 [WARN] PackLoader:240 - Cannot read IP mode file for STMicroelectronics.X-CUBE-ALGOBUILD.1.3.0
2024-12-10 13:50:49,062 [WARN] PackLoader:240 - Cannot read IP mode file for STMicroelectronics.X-CUBE-AZRTOS-G0.1.1.0
2024-12-10 13:50:49,074 [WARN] PackLoader:240 - Cannot read IP mode file for STMicroelectronics.X-CUBE-SAFEA1.1.2.2
2024-12-10 13:50:49,083 [WARN] PackLoader:240 - Cannot read IP mode file for STMicroelectronics.X-CUBE-NFC4.3.0.0
2024-12-10 13:50:49,112 [WARN] PackLoader:240 - Cannot read IP mode file for SEGGER.I-CUBE-embOS.1.2.0
2024-12-10 13:50:49,143 [WARN] PackLoader:240 - Cannot read IP mode file for EmbeddedOffice.I-CUBE-FS-RTOS.1.0.1
2024-12-10 13:50:49,143 [ERROR] ConditionMgr:805 - Attr not supported : Dmpu
2024-12-10 13:50:49,143 [ERROR] ConditionMgr:805 - Attr not supported : Dmpu
2024-12-10 13:50:49,143 [ERROR] ConditionMgr:805 - Attr not supported : Dmpu
2024-12-10 13:50:49,143 [ERROR] ConditionMgr:805 - Attr not supported : Dmpu
2024-12-10 13:50:49,143 [ERROR] ConditionMgr:805 - Attr not supported : Dmpu
2024-12-10 13:50:49,143 [ERROR] ConditionMgr:805 - Attr not supported : Dmpu
2024-12-10 13:50:49,143 [ERROR] ConditionMgr:805 - Attr not supported : Dmpu
2024-12-10 13:50:49,143 [ERROR] ConditionMgr:805 - Attr not supported : Dmpu
2024-12-10 13:50:49,143 [ERROR] ConditionMgr:805 - Attr not supported : Dmpu
2024-12-10 13:50:49,143 [ERROR] ConditionMgr:805 - Attr not supported : Dmpu
2024-12-10 13:50:49,143 [ERROR] ConditionMgr:805 - Attr not supported : Dmpu
2024-12-10 13:50:49,144 [ERROR] ConditionMgr:805 - Attr not supported : Dmpu
2024-12-10 13:50:49,144 [ERROR] ConditionMgr:805 - Attr not supported : Dmpu
2024-12-10 13:50:49,144 [ERROR] ConditionMgr:805 - Attr not supported : Dmpu
2024-12-10 13:50:49,144 [ERROR] ConditionMgr:805 - Attr not supported : Dmpu
2024-12-10 13:50:49,144 [ERROR] ConditionMgr:805 - Attr not supported : Dmpu
2024-12-10 13:50:49,144 [ERROR] ConditionMgr:805 - Attr not supported : Dmpu
2024-12-10 13:50:49,144 [ERROR] ConditionMgr:805 - Attr not supported : Dmpu
2024-12-10 13:50:49,144 [ERROR] ConditionMgr:805 - Attr not supported : Dmpu
2024-12-10 13:50:49,144 [ERROR] ConditionMgr:805 - Attr not supported : Dmpu
2024-12-10 13:50:49,144 [ERROR] ConditionMgr:805 - Attr not supported : Dmpu
2024-12-10 13:50:49,144 [ERROR] ConditionMgr:805 - Attr not supported : Dmpu
2024-12-10 13:50:49,144 [ERROR] ConditionMgr:805 - Attr not supported : Dmpu
2024-12-10 13:50:49,144 [ERROR] ConditionMgr:805 - Attr not supported : Dmpu
2024-12-10 13:50:49,144 [ERROR] ConditionMgr:805 - Attr not supported : Dmpu
2024-12-10 13:50:49,144 [ERROR] ConditionMgr:805 - Attr not supported : Dmpu
2024-12-10 13:50:49,144 [ERROR] ConditionMgr:805 - Attr not supported : Dmpu
2024-12-10 13:50:49,144 [ERROR] ConditionMgr:805 - Attr not supported : Dmpu
2024-12-10 13:50:49,144 [ERROR] ConditionMgr:805 - Attr not supported : Dmpu
2024-12-10 13:50:49,144 [ERROR] ConditionMgr:805 - Attr not supported : Dmpu
2024-12-10 13:50:49,144 [ERROR] ConditionMgr:805 - Attr not supported : Dmpu
2024-12-10 13:50:49,144 [ERROR] ConditionMgr:805 - Attr not supported : Dmpu
2024-12-10 13:50:49,145 [ERROR] ConditionMgr:805 - Attr not supported : Dmpu
2024-12-10 13:50:49,145 [ERROR] ConditionMgr:805 - Attr not supported : Dmpu
2024-12-10 13:50:49,145 [ERROR] ConditionMgr:805 - Attr not supported : Dmpu
2024-12-10 13:50:49,145 [ERROR] ConditionMgr:805 - Attr not supported : Dmpu
2024-12-10 13:50:49,145 [ERROR] ConditionMgr:805 - Attr not supported : Dmpu
2024-12-10 13:50:49,145 [ERROR] ConditionMgr:805 - Attr not supported : Dmpu
2024-12-10 13:50:49,145 [ERROR] ConditionMgr:805 - Attr not supported : Dmpu
2024-12-10 13:50:49,145 [ERROR] ConditionMgr:805 - Attr not supported : Dmpu
2024-12-10 13:50:49,145 [ERROR] ConditionMgr:805 - Attr not supported : Dmpu
2024-12-10 13:50:49,145 [ERROR] ConditionMgr:805 - Attr not supported : Dmpu
2024-12-10 13:50:49,145 [ERROR] ConditionMgr:805 - Attr not supported : Dmpu
2024-12-10 13:50:49,145 [ERROR] ConditionMgr:805 - Attr not supported : Dmpu
2024-12-10 13:50:49,145 [ERROR] ConditionMgr:805 - Attr not supported : Dmpu
2024-12-10 13:50:49,145 [ERROR] ConditionMgr:805 - Attr not supported : Dmpu
2024-12-10 13:50:49,145 [ERROR] ConditionMgr:805 - Attr not supported : Dmpu
2024-12-10 13:50:49,145 [ERROR] ConditionMgr:805 - Attr not supported : Dmpu
2024-12-10 13:50:49,145 [ERROR] ConditionMgr:805 - Attr not supported : Dmpu
2024-12-10 13:50:49,145 [ERROR] ConditionMgr:805 - Attr not supported : Dmpu
2024-12-10 13:50:49,146 [ERROR] ConditionMgr:805 - Attr not supported : Dmpu
2024-12-10 13:50:49,146 [ERROR] ConditionMgr:805 - Attr not supported : Dmpu
2024-12-10 13:50:49,146 [ERROR] ConditionMgr:805 - Attr not supported : Dmpu
2024-12-10 13:50:49,146 [ERROR] ConditionMgr:805 - Attr not supported : Dmpu
2024-12-10 13:50:49,146 [ERROR] ConditionMgr:805 - Attr not supported : Dmpu
2024-12-10 13:50:49,146 [ERROR] ConditionMgr:805 - Attr not supported : Dmpu
2024-12-10 13:50:49,146 [ERROR] ConditionMgr:805 - Attr not supported : Dmpu
2024-12-10 13:50:49,146 [ERROR] ConditionMgr:805 - Attr not supported : Dmpu
2024-12-10 13:50:49,146 [ERROR] ConditionMgr:805 - Attr not supported : Dmpu
2024-12-10 13:50:49,146 [ERROR] ConditionMgr:805 - Attr not supported : Dmpu
2024-12-10 13:50:49,146 [ERROR] ConditionMgr:805 - Attr not supported : Dmpu
2024-12-10 13:50:49,146 [ERROR] ConditionMgr:805 - Attr not supported : Dmpu
2024-12-10 13:50:49,146 [ERROR] ConditionMgr:805 - Attr not supported : Dmpu
2024-12-10 13:50:49,146 [ERROR] ConditionMgr:805 - Attr not supported : Dmpu
2024-12-10 13:50:49,151 [WARN] PackLoader:240 - Cannot read IP mode file for RealThread.X-CUBE-RT-Thread_Nano.4.1.1
2024-12-10 13:50:49,155 [WARN] PackLoader:240 - Cannot read IP mode file for STMicroelectronics.FP-ATR-SIGFOX1.3.2.0
2024-12-10 13:50:49,159 [WARN] ConditionMgr:438 - getConditionDescription Invalid condition id : Cortex-A Device cause : null
2024-12-10 13:50:49,170 [WARN] ConditionMgr:1039 - genDependencies : Invalid condition id : Cortex-A Device cause : null
2024-12-10 13:50:49,170 [WARN] ConditionMgr:1039 - genDependencies : Invalid condition id : Cortex-A Device cause : null
2024-12-10 13:50:49,170 [WARN] ConditionMgr:1039 - genDependencies : Invalid condition id : Cortex-A Device cause : null
2024-12-10 13:50:49,180 [WARN] PackLoader:240 - Cannot read IP mode file for STMicroelectronics.X-CUBE-EEPRMA1.5.1.0
2024-12-10 13:50:49,186 [WARN] PackLoader:240 - Cannot read IP mode file for emotas.I-CUBE-CANOPEN.1.1.2
2024-12-10 13:50:49,191 [WARN] PackLoader:240 - Cannot read IP mode file for STMicroelectronics.X-CUBE-TOUCHGFX.4.20.0
2024-12-10 13:50:49,196 [WARN] PackLoader:240 - Cannot read IP mode file for ITTIA_DB.I-CUBE-ITTIADB.8.9.0
2024-12-10 13:50:49,215 [WARN] PackLoader:240 - Cannot read IP mode file for SEGGER.I-CUBE-embOS.1.3.1
2024-12-10 13:50:49,241 [WARN] PackLoader:240 - Cannot read IP mode file for STMicroelectronics.X-CUBE-ALGOBUILD.1.4.0
2024-12-10 13:50:49,247 [WARN] PackLoader:240 - Cannot read IP mode file for STMicroelectronics.X-CUBE-AI.9.1.0
2024-12-10 13:50:49,255 [WARN] PackLoader:240 - Cannot read IP mode file for STMicroelectronics.X-CUBE-GNSS1.6.0.0
2024-12-10 13:50:49,270 [WARN] PackLoader:240 - Cannot read IP mode file for STMicroelectronics.X-CUBE-AZRTOS-F4.1.1.0
2024-12-10 13:50:49,276 [WARN] PackLoader:240 - Cannot read IP mode file for STMicroelectronics.X-CUBE-ISPU.2.1.0
2024-12-10 13:50:49,280 [WARN] PackLoader:240 - Cannot read IP mode file for STMicroelectronics.X-CUBE-FREERTOS.1.2.0
2024-12-10 13:50:49,286 [WARN] PackLoader:240 - Cannot read IP mode file for STMicroelectronics.X-CUBE-BLEMGR.1.2.0
2024-12-10 13:50:49,299 [WARN] PackLoader:240 - Cannot read IP mode file for STMicroelectronics.X-CUBE-AZRTOS-L5.2.0.0
2024-12-10 13:50:49,316 [WARN] PackLoader:240 - Cannot read IP mode file for STMicroelectronics.X-CUBE-NFC6.3.1.0
2024-12-10 13:50:49,322 [WARN] PackLoader:240 - Cannot read IP mode file for STMicroelectronics.X-CUBE-DPower.1.2.0
2024-12-10 13:50:49,330 [WARN] PackLoader:240 - Cannot read IP mode file for STMicroelectronics.X-CUBE-NFC4.2.0.4
2024-12-10 13:50:49,334 [WARN] PackLoader:240 - Cannot read IP mode file for wolfSSL.I-CUBE-wolfSSL.5.5.0
2024-12-10 13:50:49,343 [WARN] PackLoader:240 - Cannot read IP mode file for STMicroelectronics.X-CUBE-NFC7.1.0.1
2024-12-10 13:50:49,350 [WARN] PackLoader:240 - Cannot read IP mode file for STMicroelectronics.X-CUBE-NFC7.1.0.0
2024-12-10 13:50:49,363 [WARN] ConditionMgr:438 - getConditionDescription Invalid condition id : LAN8742 Phy interface Condition cause : null
2024-12-10 13:50:49,363 [WARN] PackLoader:240 - Cannot read IP mode file for STMicroelectronics.X-CUBE-AZRTOS-L4.2.0.0
2024-12-10 13:50:49,364 [WARN] ConditionMgr:1039 - genDependencies : Invalid condition id : LAN8742 Phy interface Condition cause : null
2024-12-10 13:50:49,364 [WARN] ConditionMgr:1039 - genDependencies : Invalid condition id : LAN8742 Phy interface Condition cause : null
2024-12-10 13:50:49,364 [WARN] ConditionMgr:1039 - genDependencies : Invalid condition id : LAN8742 Phy interface Condition cause : null
2024-12-10 13:50:49,375 [WARN] PackLoader:240 - Cannot read IP mode file for STMicroelectronics.X-CUBE-SFXS2LP1.4.0.0
2024-12-10 13:50:49,389 [WARN] PackLoader:240 - Cannot read IP mode file for STMicroelectronics.X-CUBE-AZRTOS-H7.3.3.0
2024-12-10 13:50:49,396 [WARN] PackLoader:240 - Cannot read IP mode file for RoweBots.I-CUBE-UNISONRTOS.5.5.0-4
2024-12-10 13:50:49,404 [WARN] PackLoader:240 - Cannot read IP mode file for STMicroelectronics.X-CUBE-IPS.3.0.0
2024-12-10 13:50:49,415 [WARN] ConditionMgr:438 - getConditionDescription Invalid condition id : UX DEVICE CLASS RTOS Condition cause : null
2024-12-10 13:50:49,415 [WARN] ConditionMgr:438 - getConditionDescription Invalid condition id : UX DEVICE CLASS RTOS Condition cause : null
2024-12-10 13:50:49,416 [WARN] PackLoader:240 - Cannot read IP mode file for STMicroelectronics.X-CUBE-AZRTOS-WB.2.0.0
2024-12-10 13:50:49,417 [WARN] ConditionMgr:1039 - genDependencies : Invalid condition id : UX DEVICE CLASS RTOS Condition cause : null
2024-12-10 13:50:49,417 [WARN] ConditionMgr:1039 - genDependencies : Invalid condition id : UX DEVICE CLASS RTOS Condition cause : null
2024-12-10 13:50:49,417 [WARN] ConditionMgr:1039 - genDependencies : Invalid condition id : UX DEVICE CLASS RTOS Condition cause : null
2024-12-10 13:50:49,417 [WARN] ConditionMgr:1039 - genDependencies : Invalid condition id : UX DEVICE CLASS RTOS Condition cause : null
2024-12-10 13:50:49,417 [WARN] ConditionMgr:1039 - genDependencies : Invalid condition id : UX DEVICE CLASS RTOS Condition cause : null
2024-12-10 13:50:49,425 [WARN] PackLoader:240 - Cannot read IP mode file for STMicroelectronics.X-CUBE-GNSS1.7.0.0
2024-12-10 13:50:49,431 [WARN] PackLoader:240 - Cannot read IP mode file for STMicroelectronics.X-CUBE-BLEMGR.1.0.0
2024-12-10 13:50:49,437 [WARN] PackLoader:240 - Cannot read IP mode file for STMicroelectronics.FP-SNS-STBOX1.2.0.0
2024-12-10 13:50:49,445 [WARN] PackLoader:240 - Cannot read IP mode file for STMicroelectronics.X-CUBE-SUBG2.5.0.0
2024-12-10 13:50:49,451 [WARN] PackLoader:240 - Cannot read IP mode file for Cesanta.I-CUBE-Mongoose.7.13.0
2024-12-10 13:50:49,461 [WARN] PackLoader:240 - Cannot read IP mode file for STMicroelectronics.X-CUBE-AZRTOS-G4.2.0.0
2024-12-10 13:50:49,467 [WARN] PackLoader:240 - Cannot read IP mode file for STMicroelectronics.FP-ATR-ASTRA1.1.1.1
2024-12-10 13:50:49,475 [WARN] PackLoader:240 - Cannot read IP mode file for STMicroelectronics.X-CUBE-AZRTOS-G4.1.0.0
2024-12-10 13:50:49,491 [WARN] PackLoader:240 - Cannot read IP mode file for STMicroelectronics.X-CUBE-AZRTOS-L4.1.0.0
2024-12-10 13:50:49,498 [WARN] PackLoader:240 - Cannot read IP mode file for STMicroelectronics.X-CUBE-ALS.1.0.2
2024-12-10 13:50:49,505 [WARN] PackLoader:240 - Cannot read IP mode file for STMicroelectronics.X-CUBE-AZRTOS-WL.1.0.0
2024-12-10 13:50:49,509 [WARN] PackLoader:240 - Cannot read IP mode file for STMicroelectronics.X-CUBE-TOUCHGFX.4.24.1
2024-12-10 13:50:49,513 [WARN] PackLoader:240 - Cannot read IP mode file for wolfSSL.I-CUBE-wolfTPM.3.4.0
2024-12-10 13:50:49,518 [WARN] PackLoader:240 - Cannot read IP mode file for portGmbH.I-Cube-SoM-uGOAL.1.1.0
2024-12-10 13:50:49,522 [WARN] PackLoader:240 - Cannot read IP mode file for STMicroelectronics.X-CUBE-ALS.1.0.1
2024-12-10 13:50:49,532 [WARN] PackLoader:240 - Cannot read IP mode file for STMicroelectronics.X-CUBE-AZRTOS-L5.1.0.0
2024-12-10 13:50:49,540 [WARN] PackLoader:240 - Cannot read IP mode file for STMicroelectronics.X-CUBE-EEPRMA1.3.1.1
2024-12-10 13:50:49,552 [WARN] PackLoader:240 - Cannot read IP mode file for STMicroelectronics.X-CUBE-AZRTOS-H7RS.1.0.0
2024-12-10 13:50:49,557 [WARN] PackLoader:240 - Cannot read IP mode file for STMicroelectronics.FP-ATR-ASTRA1.2.0.0
2024-12-10 13:50:49,565 [WARN] PackLoader:240 - Cannot read IP mode file for STMicroelectronics.X-CUBE-TOF1.3.4.2
2024-12-10 13:50:49,584 [WARN] PackLoader:240 - Cannot read IP mode file for Infineon.AIROC-Wi-Fi-Bluetooth-STM32.1.6.1
2024-12-10 13:50:49,591 [WARN] PackLoader:240 - Cannot read IP mode file for wolfSSL.I-CUBE-wolfSSH.1.4.17
2024-12-10 13:50:49,591 [INFO] ThirdParty:978 - Integrity check success = true
2024-12-10 13:50:49,591 [INFO] IntegrityCheckThread:100 - exiting critical section [integrity check]
2024-12-10 13:50:49,592 [INFO] IntegrityCheckThread:103 - End integrity checks thread
