2024-12-10 09:21:45,869 [INFO] Activator:176 - 


2024-12-10 09:21:45,871 [INFO] Activator:177 - !SESSION log4j initialized
2024-12-10 09:21:48,112 [INFO] LogOutputStream:77 - [STDOUT_REDIRECT] 
2024-12-10 09:21:51,604 [INFO] ApplicationProperties:184 - Using Application install path: C:\ST\STM32CubeIDE_1.10.1\STM32CubeIDE\plugins\com.st.stm32cube.common.mx_6.12.1.202409122256
2024-12-10 09:21:51,617 [INFO] DbMcusXml:78 - Set database path to: C:\ST\STM32CubeIDE_1.10.1\STM32CubeIDE\plugins\com.st.stm32cube.common.mx_6.12.1.202409122256\\db\/mcu/
2024-12-10 09:21:51,617 [INFO] ApiDb:274 - Set plugin database path to: C:\ST\STM32CubeIDE_1.10.1\STM32CubeIDE\plugins\com.st.stm32cube.common.mx_6.12.1.202409122256\\db\/plugins/boardmanager/
2024-12-10 09:21:51,618 [WARN] ApiDb:259 - Overriding images path with different value:  => C:\ST\STM32CubeIDE_1.10.1\STM32CubeIDE\plugins\com.st.stm32cube.common.mx_6.12.1.202409122256\\db\/plugins/mcufinder/images/
2024-12-10 09:21:51,623 [INFO] ApiDb:250 - Set database path to: C:\Users\PKNU\.stmcufinder\plugins\mcufinder//mcu/
2024-12-10 09:21:51,624 [INFO] DbMcusAds:125 - Set database path to: C:\Users\PKNU\.stmcufinder\plugins\mcufinder//mcu/
2024-12-10 09:21:51,626 [INFO] CrossReferenceDbSqlite:203 - Set database path to: C:\Users\PKNU\.stmcufinder\plugins\mcufinder//mcu/cs/
2024-12-10 09:21:51,713 [INFO] RulesReader:64 - Compatibility file has been processed (297 Rules)
2024-12-10 09:21:51,774 [INFO] DbMcusXml:78 - Set database path to: C:\ST\STM32CubeIDE_1.10.1\STM32CubeIDE\plugins\com.st.stm32cube.common.mx_6.12.1.202409122256\\db\/mcu/
2024-12-10 09:21:51,774 [INFO] ApiDb:274 - Set plugin database path to: C:\ST\STM32CubeIDE_1.10.1\STM32CubeIDE\plugins\com.st.stm32cube.common.mx_6.12.1.202409122256\\db\/plugins/boardmanager/
2024-12-10 09:21:51,774 [INFO] ApiDb:261 - Set plugin images path to: C:\ST\STM32CubeIDE_1.10.1\STM32CubeIDE\plugins\com.st.stm32cube.common.mx_6.12.1.202409122256\\db\/plugins/mcufinder/images/
2024-12-10 09:21:51,774 [WARN] DbFile:41 - Overriding database path with different value: C:\Users\PKNU\.stmcufinder\plugins\mcufinder/ => C:\Users\PKNU\.stmcufinder\plugins\mcufinder
2024-12-10 09:21:51,774 [INFO] ApiDb:250 - Set database path to: C:\Users\PKNU\.stmcufinder\plugins\mcufinder//mcu/
2024-12-10 09:21:51,774 [WARN] DbFile:41 - Overriding database path with different value: C:\Users\PKNU\.stmcufinder\plugins\mcufinder/ => C:\Users\PKNU\.stmcufinder\plugins\mcufinder
2024-12-10 09:21:51,774 [INFO] DbMcusAds:125 - Set database path to: C:\Users\PKNU\.stmcufinder\plugins\mcufinder//mcu/
2024-12-10 09:21:51,774 [WARN] DbFile:41 - Overriding database path with different value: C:\Users\PKNU\.stmcufinder\plugins\mcufinder/ => C:\Users\PKNU\.stmcufinder\plugins\mcufinder
2024-12-10 09:21:51,774 [WARN] DbFile:41 - Overriding database path with different value: C:\Users\PKNU\.stmcufinder\plugins\mcufinder/ => C:\Users\PKNU\.stmcufinder\plugins\mcufinder
2024-12-10 09:21:51,774 [INFO] CrossReferenceDbSqlite:203 - Set database path to: C:\Users\PKNU\.stmcufinder\plugins\mcufinder//mcu/cs/
2024-12-10 09:21:51,826 [INFO] MainPanel:268 - HeapMemory: 268435456
2024-12-10 09:21:51,886 [INFO] DbMcusXml:78 - Set database path to: C:\ST\STM32CubeIDE_1.10.1\STM32CubeIDE\plugins\com.st.stm32cube.common.mx_6.12.1.202409122256\\db\/mcu/
2024-12-10 09:21:51,886 [INFO] ApiDb:274 - Set plugin database path to: C:\ST\STM32CubeIDE_1.10.1\STM32CubeIDE\plugins\com.st.stm32cube.common.mx_6.12.1.202409122256\\db\/plugins/boardmanager/
2024-12-10 09:21:51,886 [INFO] ApiDb:261 - Set plugin images path to: C:\ST\STM32CubeIDE_1.10.1\STM32CubeIDE\plugins\com.st.stm32cube.common.mx_6.12.1.202409122256\\db\/plugins/mcufinder/images/
2024-12-10 09:21:51,886 [WARN] DbFile:41 - Overriding database path with different value: C:\Users\PKNU\.stmcufinder\plugins\mcufinder/ => C:\Users\PKNU\.stmcufinder\plugins\mcufinder
2024-12-10 09:21:51,886 [INFO] ApiDb:250 - Set database path to: C:\Users\PKNU\.stmcufinder\plugins\mcufinder//mcu/
2024-12-10 09:21:51,886 [WARN] DbFile:41 - Overriding database path with different value: C:\Users\PKNU\.stmcufinder\plugins\mcufinder/ => C:\Users\PKNU\.stmcufinder\plugins\mcufinder
2024-12-10 09:21:51,886 [INFO] DbMcusAds:125 - Set database path to: C:\Users\PKNU\.stmcufinder\plugins\mcufinder//mcu/
2024-12-10 09:21:51,887 [WARN] DbFile:41 - Overriding database path with different value: C:\Users\PKNU\.stmcufinder\plugins\mcufinder/ => C:\Users\PKNU\.stmcufinder\plugins\mcufinder
2024-12-10 09:21:51,887 [WARN] DbFile:41 - Overriding database path with different value: C:\Users\PKNU\.stmcufinder\plugins\mcufinder/ => C:\Users\PKNU\.stmcufinder\plugins\mcufinder
2024-12-10 09:21:51,887 [INFO] CrossReferenceDbSqlite:203 - Set database path to: C:\Users\PKNU\.stmcufinder\plugins\mcufinder//mcu/cs/
2024-12-10 09:21:51,898 [INFO] ApplicationProperties:184 - Using Application install path: C:\ST\STM32CubeIDE_1.10.1\STM32CubeIDE\plugins\com.st.stm32cube.common.mx_6.12.1.202409122256
2024-12-10 09:21:51,900 [INFO] PluginManage:196 - Search for loadable plugins [exclusion list=, ]
2024-12-10 09:21:51,901 [INFO] PluginManage:310 - Check plugin analytics
2024-12-10 09:21:52,027 [INFO] AnalyticsPlugin:253 - Accepted Software Licenses: 
2024-12-10 09:21:52,027 [INFO] AnalyticsPlugin:255 - Accepted CMSIS Pack Licenses: 
2024-12-10 09:21:52,028 [INFO] AnalyticsPlugin:257 - Accepted Firmware Licenses: FW.F4.1.27.0
2024-12-10 09:21:52,029 [INFO] PluginManage:359 - Loaded plugin analytics (category:tool,tabindex:-1)
2024-12-10 09:21:52,030 [INFO] PluginManage:310 - Check plugin cadmodel
2024-12-10 09:21:52,033 [INFO] CADModel:105 - Init CAD model plugin
2024-12-10 09:21:52,033 [INFO] PluginManage:359 - Loaded plugin cadmodel (category:power,tabindex:5)
2024-12-10 09:21:52,033 [INFO] PluginManage:310 - Check plugin clock
2024-12-10 09:21:52,040 [INFO] PluginManage:359 - Loaded plugin clock (category:base,tabindex:2)
2024-12-10 09:21:52,040 [INFO] PluginManage:310 - Check plugin ddr
2024-12-10 09:21:52,042 [INFO] PluginManage:359 - Loaded plugin ddr (category:tool,tabindex:6)
2024-12-10 09:21:52,042 [INFO] PluginManage:310 - Check plugin filemanager
2024-12-10 09:21:52,147 [INFO] PluginManage:359 - Loaded plugin filemanager (category:base,tabindex:10)
2024-12-10 09:21:52,148 [INFO] PluginManage:310 - Check plugin ipmanager
2024-12-10 09:21:52,168 [INFO] PluginManage:359 - Loaded plugin ipmanager (category:base,tabindex:5)
2024-12-10 09:21:52,168 [INFO] PluginManage:310 - Check plugin lpbam
2024-12-10 09:21:52,177 [INFO] PluginManage:359 - Loaded plugin lpbam (category:base,tabindex:0)
2024-12-10 09:21:52,177 [INFO] PluginManage:310 - Check plugin memorymap
2024-12-10 09:21:52,188 [INFO] PluginManage:359 - Loaded plugin memorymap (category:base,tabindex:4)
2024-12-10 09:21:52,188 [INFO] PluginManage:310 - Check plugin pinoutandconfiguration
2024-12-10 09:21:52,201 [INFO] PluginManage:359 - Loaded plugin pinoutandconfiguration (category:base,tabindex:1)
2024-12-10 09:21:52,201 [INFO] PluginManage:310 - Check plugin pinoutconfig
2024-12-10 09:21:52,266 [WARN] SupportedApi:132 - Cannot load RTOS API schema: s4s-elt-must-match.1: The content of 'definitions' must match (annotation?, (simpleType | complexType)?, (unique | key | keyref)*)). A problem was found starting at: attribute.
2024-12-10 09:21:52,357 [INFO] PluginManage:359 - Loaded plugin pinoutconfig (category:base,tabindex:0)
2024-12-10 09:21:52,357 [INFO] PluginManage:310 - Check plugin power
2024-12-10 09:21:52,363 [INFO] PluginManage:359 - Loaded plugin power (category:power,tabindex:4)
2024-12-10 09:21:52,363 [INFO] PluginManage:310 - Check plugin projectmanager
2024-12-10 09:21:52,375 [INFO] PluginManage:359 - Loaded plugin projectmanager (category:projectmanager,tabindex:4)
2024-12-10 09:21:52,375 [INFO] PluginManage:310 - Check plugin rif
2024-12-10 09:21:52,378 [INFO] PluginManage:359 - Loaded plugin rif (category:base,tabindex:3)
2024-12-10 09:21:52,378 [INFO] PluginManage:310 - Check plugin thirdparty
2024-12-10 09:21:52,476 [INFO] PluginManage:359 - Loaded plugin thirdparty (category:base,tabindex:-1)
2024-12-10 09:21:52,476 [WARN] IntegrityCheckThread:84 - waiting for thirdparty lock release [integrity check]
2024-12-10 09:21:52,477 [INFO] PluginManage:310 - Check plugin tools
2024-12-10 09:21:52,477 [INFO] IntegrityCheckThread:86 - entering critical section [integrity check]
2024-12-10 09:21:52,478 [INFO] ThirdPartyUpdaterWithRetryManager:70 - Updater plugin not ready yet. [1/15]
2024-12-10 09:21:52,479 [INFO] PluginManage:359 - Loaded plugin tools (category:base,tabindex:7)
2024-12-10 09:21:52,479 [INFO] PluginManage:310 - Check plugin tutovideos
2024-12-10 09:21:52,604 [INFO] PluginManage:359 - Loaded plugin tutovideos (category:base,tabindex:-1)
2024-12-10 09:21:52,604 [INFO] PluginManage:310 - Check plugin updater
2024-12-10 09:21:52,617 [INFO] PluginManage:359 - Loaded plugin updater (category:base,tabindex:12)
2024-12-10 09:21:52,617 [INFO] PluginManage:310 - Check plugin userauth
2024-12-10 09:21:52,621 [INFO] UserAuth:113 - Init User Auth plugin
2024-12-10 09:21:52,621 [INFO] PluginManage:359 - Loaded plugin userauth (category:base,tabindex:14)
2024-12-10 09:21:52,621 [INFO] PluginManage:283 - PluginManage : Loaded plugins [18]
2024-12-10 09:21:52,792 [INFO] PinOutPanel:1561 - setPackage(No Configuration,No Configuration)
2024-12-10 09:21:52,868 [INFO] CADModel:165 - CPN selected for project level
2024-12-10 09:21:52,868 [INFO] CADModel:114 - Register for checkConnection events
2024-12-10 09:21:52,881 [INFO] IPUIPlugin:80 - create IPUIPlugin
2024-12-10 09:21:52,881 [INFO] PluginManager:220 - loadIPPluginJar : add adc
2024-12-10 09:21:52,884 [INFO] IPUIPlugin:80 - create IPUIPlugin
2024-12-10 09:21:52,884 [INFO] PluginManager:220 - loadIPPluginJar : add aes
2024-12-10 09:21:52,886 [INFO] IPUIPlugin:80 - create IPUIPlugin
2024-12-10 09:21:52,886 [INFO] PluginManager:220 - loadIPPluginJar : add can
2024-12-10 09:21:52,887 [INFO] IPUIPlugin:80 - create IPUIPlugin
2024-12-10 09:21:52,887 [INFO] PluginManager:220 - loadIPPluginJar : add comp
2024-12-10 09:21:52,889 [INFO] IPUIPlugin:80 - create IPUIPlugin
2024-12-10 09:21:52,889 [INFO] PluginManager:220 - loadIPPluginJar : add cryp
2024-12-10 09:21:52,891 [INFO] IPUIPlugin:80 - create IPUIPlugin
2024-12-10 09:21:52,892 [INFO] PluginManager:220 - loadIPPluginJar : add ddr_ctrl_phy
2024-12-10 09:21:52,894 [INFO] IPUIPlugin:80 - create IPUIPlugin
2024-12-10 09:21:52,894 [INFO] PluginManager:220 - loadIPPluginJar : add dfsdm
2024-12-10 09:21:52,898 [INFO] IPUIPlugin:80 - create IPUIPlugin
2024-12-10 09:21:52,898 [INFO] PluginManager:220 - loadIPPluginJar : add dma
2024-12-10 09:21:52,900 [INFO] IPUIPlugin:80 - create IPUIPlugin
2024-12-10 09:21:52,900 [INFO] PluginManager:220 - loadIPPluginJar : add dma3
2024-12-10 09:21:52,902 [INFO] IPUIPlugin:80 - create IPUIPlugin
2024-12-10 09:21:52,902 [INFO] PluginManager:220 - loadIPPluginJar : add extmemmanager
2024-12-10 09:21:52,903 [INFO] IPUIPlugin:80 - create IPUIPlugin
2024-12-10 09:21:52,903 [INFO] PluginManager:220 - loadIPPluginJar : add fatfs
2024-12-10 09:21:52,907 [INFO] IPUIPlugin:80 - create IPUIPlugin
2024-12-10 09:21:52,907 [INFO] PluginManager:220 - loadIPPluginJar : add fmc
2024-12-10 09:21:52,911 [INFO] IPUIPlugin:80 - create IPUIPlugin
2024-12-10 09:21:52,911 [INFO] PluginManager:220 - loadIPPluginJar : add freertos
2024-12-10 09:21:52,912 [INFO] IPUIPlugin:80 - create IPUIPlugin
2024-12-10 09:21:52,912 [INFO] PluginManager:220 - loadIPPluginJar : add genericplugin
2024-12-10 09:21:52,914 [INFO] IPUIPlugin:80 - create IPUIPlugin
2024-12-10 09:21:52,914 [INFO] PluginManager:220 - loadIPPluginJar : add gfxmmu
2024-12-10 09:21:52,918 [INFO] IPUIPlugin:80 - create IPUIPlugin
2024-12-10 09:21:52,918 [INFO] PluginManager:220 - loadIPPluginJar : add gic
2024-12-10 09:21:52,921 [INFO] IPUIPlugin:80 - create IPUIPlugin
2024-12-10 09:21:52,921 [INFO] PluginManager:220 - loadIPPluginJar : add gpio
2024-12-10 09:21:52,924 [INFO] IPUIPlugin:80 - create IPUIPlugin
2024-12-10 09:21:52,924 [INFO] PluginManager:220 - loadIPPluginJar : add gtzc
2024-12-10 09:21:52,926 [INFO] IPUIPlugin:80 - create IPUIPlugin
2024-12-10 09:21:52,926 [INFO] PluginManager:220 - loadIPPluginJar : add hash
2024-12-10 09:21:52,928 [INFO] IPUIPlugin:80 - create IPUIPlugin
2024-12-10 09:21:52,928 [INFO] PluginManager:220 - loadIPPluginJar : add i2c
2024-12-10 09:21:52,930 [INFO] IPUIPlugin:80 - create IPUIPlugin
2024-12-10 09:21:52,930 [INFO] PluginManager:220 - loadIPPluginJar : add i2s
2024-12-10 09:21:52,932 [INFO] IPUIPlugin:80 - create IPUIPlugin
2024-12-10 09:21:52,932 [INFO] PluginManager:220 - loadIPPluginJar : add i3c
2024-12-10 09:21:52,934 [INFO] IPUIPlugin:80 - create IPUIPlugin
2024-12-10 09:21:52,935 [INFO] PluginManager:220 - loadIPPluginJar : add ipddr
2024-12-10 09:21:52,939 [INFO] IPUIPlugin:80 - create IPUIPlugin
2024-12-10 09:21:52,940 [INFO] PluginManager:220 - loadIPPluginJar : add linkedlist
2024-12-10 09:21:52,942 [INFO] IPUIPlugin:80 - create IPUIPlugin
2024-12-10 09:21:52,942 [INFO] PluginManager:220 - loadIPPluginJar : add lorawan
2024-12-10 09:21:52,943 [INFO] IPUIPlugin:80 - create IPUIPlugin
2024-12-10 09:21:52,944 [INFO] PluginManager:220 - loadIPPluginJar : add ltdc
2024-12-10 09:21:52,947 [INFO] IPUIPlugin:80 - create IPUIPlugin
2024-12-10 09:21:52,947 [INFO] PluginManager:220 - loadIPPluginJar : add mdma
2024-12-10 09:21:52,949 [INFO] IPUIPlugin:80 - create IPUIPlugin
2024-12-10 09:21:52,949 [INFO] PluginManager:220 - loadIPPluginJar : add nvic
2024-12-10 09:21:52,952 [INFO] IPUIPlugin:80 - create IPUIPlugin
2024-12-10 09:21:52,952 [INFO] PluginManager:220 - loadIPPluginJar : add opamp
2024-12-10 09:21:52,954 [INFO] IPUIPlugin:80 - create IPUIPlugin
2024-12-10 09:21:52,954 [INFO] PluginManager:220 - loadIPPluginJar : add openamp
2024-12-10 09:21:52,956 [INFO] IPUIPlugin:80 - create IPUIPlugin
2024-12-10 09:21:52,957 [INFO] PluginManager:220 - loadIPPluginJar : add pdm2pcm
2024-12-10 09:21:52,961 [INFO] IPUIPlugin:80 - create IPUIPlugin
2024-12-10 09:21:52,963 [INFO] PluginManager:220 - loadIPPluginJar : add plateformsettings
2024-12-10 09:21:52,964 [INFO] IPUIPlugin:80 - create IPUIPlugin
2024-12-10 09:21:52,964 [INFO] PluginManager:220 - loadIPPluginJar : add quadspi
2024-12-10 09:21:52,966 [INFO] IPUIPlugin:80 - create IPUIPlugin
2024-12-10 09:21:52,967 [INFO] PluginManager:220 - loadIPPluginJar : add radio
2024-12-10 09:21:52,969 [INFO] IPUIPlugin:80 - create IPUIPlugin
2024-12-10 09:21:52,969 [INFO] PluginManager:220 - loadIPPluginJar : add resmgrutility
2024-12-10 09:21:52,971 [INFO] IPUIPlugin:80 - create IPUIPlugin
2024-12-10 09:21:52,971 [INFO] PluginManager:220 - loadIPPluginJar : add sai
2024-12-10 09:21:52,973 [INFO] IPUIPlugin:80 - create IPUIPlugin
2024-12-10 09:21:52,974 [INFO] PluginManager:220 - loadIPPluginJar : add spi
2024-12-10 09:21:52,978 [INFO] IPUIPlugin:80 - create IPUIPlugin
2024-12-10 09:21:52,978 [INFO] PluginManager:220 - loadIPPluginJar : add stm32_wpan
2024-12-10 09:21:52,979 [INFO] IPUIPlugin:80 - create IPUIPlugin
2024-12-10 09:21:52,979 [INFO] PluginManager:220 - loadIPPluginJar : add tim
2024-12-10 09:21:52,981 [INFO] IPUIPlugin:80 - create IPUIPlugin
2024-12-10 09:21:52,982 [INFO] PluginManager:220 - loadIPPluginJar : add touchsensing
2024-12-10 09:21:52,983 [INFO] IPUIPlugin:80 - create IPUIPlugin
2024-12-10 09:21:52,983 [INFO] PluginManager:220 - loadIPPluginJar : add tracer_emb
2024-12-10 09:21:52,985 [INFO] IPUIPlugin:80 - create IPUIPlugin
2024-12-10 09:21:52,985 [INFO] PluginManager:220 - loadIPPluginJar : add ts
2024-12-10 09:21:52,986 [INFO] IPUIPlugin:80 - create IPUIPlugin
2024-12-10 09:21:52,986 [INFO] PluginManager:220 - loadIPPluginJar : add tsc
2024-12-10 09:21:52,987 [INFO] IPUIPlugin:80 - create IPUIPlugin
2024-12-10 09:21:52,988 [INFO] PluginManager:220 - loadIPPluginJar : add ucpd
2024-12-10 09:21:52,989 [INFO] IPUIPlugin:80 - create IPUIPlugin
2024-12-10 09:21:52,990 [INFO] PluginManager:220 - loadIPPluginJar : add usart
2024-12-10 09:21:52,992 [INFO] IPUIPlugin:80 - create IPUIPlugin
2024-12-10 09:21:52,992 [INFO] PluginManager:220 - loadIPPluginJar : add usbx
2024-12-10 09:21:53,099 [INFO] CADModel:165 - CPN selected for project level
2024-12-10 09:21:53,099 [INFO] CADModel:114 - Register for checkConnection events
2024-12-10 09:21:53,099 [FATAL] Updater:334 - Updater called before beeing initialized
2024-12-10 09:21:53,099 [ERROR] CADModel:125 - Updater not yet initialized, retry later 
2024-12-10 09:21:53,202 [INFO] CADModel:165 - CPN selected for project level
2024-12-10 09:21:53,202 [INFO] CADModel:114 - Register for checkConnection events
2024-12-10 09:21:53,202 [FATAL] Updater:334 - Updater called before beeing initialized
2024-12-10 09:21:53,202 [ERROR] CADModel:125 - Updater not yet initialized, retry later 
2024-12-10 09:21:53,204 [FATAL] Updater:334 - Updater called before beeing initialized
2024-12-10 09:21:53,280 [FATAL] Updater:334 - Updater called before beeing initialized
2024-12-10 09:21:53,283 [INFO] DbMcusAds:53 - JSON generation date=Fri Sep 20 22:04:38 KST 2024 (1726837478367)
2024-12-10 09:21:53,283 [FATAL] Updater:334 - Updater called before beeing initialized
2024-12-10 09:21:53,309 [WARN] DetailPanel:346 - Failed to get advertising image, set to default
2024-12-10 09:21:53,379 [FATAL] Updater:334 - Updater called before beeing initialized
2024-12-10 09:21:53,380 [FATAL] Updater:334 - Updater called before beeing initialized
2024-12-10 09:21:53,380 [FATAL] Updater:334 - Updater called before beeing initialized
2024-12-10 09:21:53,380 [WARN] DetailPanel:346 - Failed to get advertising image, set to default
2024-12-10 09:21:53,380 [FATAL] Updater:334 - Updater called before beeing initialized
2024-12-10 09:21:53,413 [ERROR] Updater:1164 - MainUpdater not yet initialized. External WinMGr cannot be set.
2024-12-10 09:21:53,414 [INFO] Updater:1100 - Updater Version found : 6.12.1
2024-12-10 09:21:53,426 [INFO] ApplicationProperties:184 - Using Application install path: C:\ST\STM32CubeIDE_1.10.1\STM32CubeIDE\plugins\com.st.stm32cube.common.mx_6.12.1.202409122256
